Drill report for D:\FiveFifty\ledmaker.org\ElektraPCB\Kicad\disc.kicad_pcb
Created on 11/15/2018 2:42:10 AM

Copper Layer Stackup:
    =============================================================
    L1 :  F.Cu                      front
    L2 :  Power                     inner1
    L3 :  Ground                    inner2
    L4 :  B.Cu                      back


Drill file 'disc.drl' contains
    plated through holes:
    =============================================================
    T1  0.30mm  0.012"  (109 holes)
    T2  0.60mm  0.024"  (5 holes)
    T3  0.71mm  0.028"  (10 holes)
    T4  1.00mm  0.039"  (2 holes)

    Total plated holes count 126


Not plated through holes are merged with plated holes
    unplated through holes:
    =============================================================
    T5  1.19mm  0.047"  (3 holes)

    Total unplated holes count 3
